This is pdfTeX, Version 3.1415926-2.3-1.40.12 (MiKTeX 2.9 64-bit) (preloaded format=pdflatex 2014.4.2)  17 MAY 2016 14:24
entering extended mode
**ISMIR2016SPNMFGenreSpec.tex
(C:\Users\laroche\Documents\GitHub\ISMIR_2016\ISMIR2016SPNMFGenreSpec.tex
LaTeX2e <2011/06/27>
Babel <v3.8m> and hyphenation patterns for english, afrikaans, ancientgreek, ar
abic, armenian, assamese, basque, bengali, bokmal, bulgarian, catalan, coptic, 
croatian, czech, danish, dutch, esperanto, estonian, farsi, finnish, french, ga
lician, german, german-x-2009-06-19, greek, gujarati, hindi, hungarian, iceland
ic, indonesian, interlingua, irish, italian, kannada, kurmanji, lao, latin, lat
vian, lithuanian, malayalam, marathi, mongolian, mongolianlmc, monogreek, ngerm
an, ngerman-x-2009-06-19, nynorsk, oriya, panjabi, pinyin, polish, portuguese, 
romanian, russian, sanskrit, serbian, slovak, slovenian, spanish, swedish, swis
sgerman, tamil, telugu, turkish, turkmen, ukenglish, ukrainian, uppersorbian, u
senglishmax, welsh, loaded.
("C:\Program Files\MiKTeX 2.9\tex\latex\base\article.cls"
Document Class: article 2007/10/19 v1.4h Standard LaTeX document class
("C:\Program Files\MiKTeX 2.9\tex\latex\base\size10.clo"
File: size10.clo 2007/10/19 v1.4h Standard LaTeX file (size option)
)
\c@part=\count79
\c@section=\count80
\c@subsection=\count81
\c@subsubsection=\count82
\c@paragraph=\count83
\c@subparagraph=\count84
\c@figure=\count85
\c@table=\count86
\abovecaptionskip=\skip41
\belowcaptionskip=\skip42
\bibindent=\dimen102
)
(C:\Users\laroche\Documents\GitHub\ISMIR_2016\ismir.sty)
("C:\Program Files\MiKTeX 2.9\tex\latex\ams\math\amsmath.sty"
Package: amsmath 2000/07/18 v2.13 AMS math features
\@mathmargin=\skip43

For additional information on amsmath, use the `?' option.
("C:\Program Files\MiKTeX 2.9\tex\latex\ams\math\amstext.sty"
Package: amstext 2000/06/29 v2.01

("C:\Program Files\MiKTeX 2.9\tex\latex\ams\math\amsgen.sty"
File: amsgen.sty 1999/11/30 v2.0
\@emptytoks=\toks14
\ex@=\dimen103
))
("C:\Program Files\MiKTeX 2.9\tex\latex\ams\math\amsbsy.sty"
Package: amsbsy 1999/11/29 v1.2d
\pmbraise@=\dimen104
)
("C:\Program Files\MiKTeX 2.9\tex\latex\ams\math\amsopn.sty"
Package: amsopn 1999/12/14 v2.01 operator names
)
\inf@bad=\count87
LaTeX Info: Redefining \frac on input line 211.
\uproot@=\count88
\leftroot@=\count89
LaTeX Info: Redefining \overline on input line 307.
\classnum@=\count90
\DOTSCASE@=\count91
LaTeX Info: Redefining \ldots on input line 379.
LaTeX Info: Redefining \dots on input line 382.
LaTeX Info: Redefining \cdots on input line 467.
\Mathstrutbox@=\box26
\strutbox@=\box27
\big@size=\dimen105
LaTeX Font Info:    Redeclaring font encoding OML on input line 567.
LaTeX Font Info:    Redeclaring font encoding OMS on input line 568.
\macc@depth=\count92
\c@MaxMatrixCols=\count93
\dotsspace@=\muskip10
\c@parentequation=\count94
\dspbrk@lvl=\count95
\tag@help=\toks15
\row@=\count96
\column@=\count97
\maxfields@=\count98
\andhelp@=\toks16
\eqnshift@=\dimen106
\alignsep@=\dimen107
\tagshift@=\dimen108
\tagwidth@=\dimen109
\totwidth@=\dimen110
\lineht@=\dimen111
\@envbody=\toks17
\multlinegap=\skip44
\multlinetaggap=\skip45
\mathdisplay@stack=\toks18
LaTeX Info: Redefining \[ on input line 2666.
LaTeX Info: Redefining \] on input line 2667.
)
(C:\Users\laroche\Documents\GitHub\ISMIR_2016\cite.sty
LaTeX Info: Redefining \cite on input line 149.
LaTeX Info: Redefining \nocite on input line 214.
Package: cite 2003/11/04  v 4.01
)
("C:\Program Files\MiKTeX 2.9\tex\latex\graphics\graphicx.sty"
Package: graphicx 1999/02/16 v1.0f Enhanced LaTeX Graphics (DPC,SPQR)

("C:\Program Files\MiKTeX 2.9\tex\latex\graphics\keyval.sty"
Package: keyval 1999/03/16 v1.13 key=value parser (DPC)
\KV@toks@=\toks19
)
("C:\Program Files\MiKTeX 2.9\tex\latex\graphics\graphics.sty"
Package: graphics 2009/02/05 v1.0o Standard LaTeX Graphics (DPC,SPQR)

("C:\Program Files\MiKTeX 2.9\tex\latex\graphics\trig.sty"
Package: trig 1999/03/16 v1.09 sin cos tan (DPC)
)
("C:\Program Files\MiKTeX 2.9\tex\latex\00miktex\graphics.cfg"
File: graphics.cfg 2007/01/18 v1.5 graphics configuration of teTeX/TeXLive
)
Package graphics Info: Driver file: pdftex.def on input line 91.

("C:\Program Files\MiKTeX 2.9\tex\latex\pdftex-def\pdftex.def"
File: pdftex.def 2011/05/27 v0.06d Graphics/color for pdfTeX

("C:\Program Files\MiKTeX 2.9\tex\generic\oberdiek\infwarerr.sty"
Package: infwarerr 2010/04/08 v1.3 Providing info/warning/message (HO)
)
("C:\Program Files\MiKTeX 2.9\tex\generic\oberdiek\ltxcmds.sty"
Package: ltxcmds 2011/04/18 v1.20 LaTeX kernel commands for general use (HO)
)
\Gread@gobject=\count99
))
\Gin@req@height=\dimen112
\Gin@req@width=\dimen113
)
("C:\Program Files\MiKTeX 2.9\tex\latex\graphics\color.sty"
Package: color 2005/11/14 v1.0j Standard LaTeX Color (DPC)

("C:\Program Files\MiKTeX 2.9\tex\latex\00miktex\color.cfg"
File: color.cfg 2007/01/18 v1.5 color configuration of teTeX/TeXLive
)
Package color Info: Driver file: pdftex.def on input line 130.
)
("C:\Program Files\MiKTeX 2.9\tex\latex\algorithm2e\algorithm2e.sty"
Package: algorithm2e 2008/00/00 v3.10 algorithms environments
\c@AlgoLine=\count100

("C:\Program Files\MiKTeX 2.9\tex\latex\base\ifthen.sty"
Package: ifthen 2001/05/26 v1.1c Standard LaTeX ifthen package (DPC)
)
("C:\Program Files\MiKTeX 2.9\tex\latex\tools\xspace.sty"
Package: xspace 2009/10/20 v1.13 Space after command names (DPC,MH)
)
("C:\Program Files\MiKTeX 2.9\tex\latex\ltxmisc\relsize.sty"
Package: relsize 2003/07/04 ver 3.1


Package relsize Warning: Failed to get list of font sizes.
(relsize)                Falling back to old definition. on input line 81.

)
********************************************************
Package `algorithm2e' Release 4.01 -- december 14 2009 --
- algorithm2e-announce@lirmm.fr mailing list for announcement about releases
- algorithm2e-discussion@lirmm.fr mailing list for discussion about package
subscribe by emailing sympa@lirmm.fr with 'subscribe <list> <firstname name>'
- Author: Christophe Fiorio (fiorio@lirmm.fr)
********************************************************
\skiptotal=\skip46
\skiplinenumber=\skip47
\skiprule=\skip48
\skiphlne=\skip49
\skiptext=\skip50
\skiplength=\skip51
\algomargin=\skip52
\skipalgocfslide=\skip53
\algowidth=\dimen114
\inoutsize=\dimen115
\inoutline=\dimen116
\interspacetitleruled=\dimen117
\interspacealgoruled=\dimen118
\interspacetitleboxruled=\dimen119
\algocf@inoutbox=\box28
\algocf@inputbox=\box29
\AlCapSkip=\skip54
\AlCapHSkip=\skip55
\algocf@nlbox=\box30
\algocf@hangingbox=\box31
\algocf@capbox=\box32
\algoheightruledefault=\skip56
\algoheightrule=\skip57
\algotitleheightruledefault=\skip58
\algotitleheightrule=\skip59
\c@algocfline=\count101
\c@algocfproc=\count102
\c@algocf=\count103
\algocf@algoframe=\box33
\algocf@algobox=\box34
) ("C:\Program Files\MiKTeX 2.9\tex\latex\multirow\multirow.sty"
\bigstrutjot=\dimen120
)
("C:\Program Files\MiKTeX 2.9\tex\latex\subfigure\subfigure.sty"
Package: subfigure 2002/07/30 v2.1.4 subfigure package
\subfigtopskip=\skip60
\subfigcapskip=\skip61
\subfigcaptopadj=\dimen121
\subfigbottomskip=\skip62
\subfigcapmargin=\dimen122
\subfiglabelskip=\skip63
\c@subfigure=\count104
\c@lofdepth=\count105
\c@subtable=\count106
\c@lotdepth=\count107

****************************************
* Local config file subfigure.cfg used *
****************************************
("C:\Program Files\MiKTeX 2.9\tex\latex\subfigure\subfigure.cfg")
\subfig@top=\skip64
\subfig@bottom=\skip65
)
("C:\Program Files\MiKTeX 2.9\tex\latex\caption\caption.sty"
Package: caption 2011/08/18 v3.2b Customizing captions (AR)

("C:\Program Files\MiKTeX 2.9\tex\latex\caption\caption3.sty"
Package: caption3 2011/08/18 v1.3b caption3 kernel (AR)
\captionmargin=\dimen123
\captionmargin@=\dimen124
\captionwidth=\dimen125
\caption@indent=\dimen126
\caption@parindent=\dimen127
\caption@hangindent=\dimen128
Package caption Info: Unknown document class (or package),
(caption)             standard defaults will be used.
)

Package caption Warning: Unsupported document class (or package) detected,
(caption)                usage of the caption package is not recommended.
See the caption package documentation for explanation.

Package caption Info: \@makecaption = \long macro:#1#2-> \vskip 10pt \setbox \@
tempboxa \hbox {#1. #2} \ifdim \wd \@tempboxa >\hsize #1. #2\par \else \hbox to
\hsize {\hfil \box \@tempboxa \hfil } \fi .
\c@ContinuedFloat=\count108
Package caption Info: subfigure package is loaded.
) ("C:\Program Files\MiKTeX 2.9\tex\latex\oberdiek\epstopdf.sty"
Package: epstopdf 2010/02/09 v2.5 Conversion with epstopdf on the fly (HO)

("C:\Program Files\MiKTeX 2.9\tex\latex\oberdiek\epstopdf-base.sty"
Package: epstopdf-base 2010/02/09 v2.5 Base part for package epstopdf

("C:\Program Files\MiKTeX 2.9\tex\latex\oberdiek\grfext.sty"
Package: grfext 2010/08/19 v1.1 Managing graphics extensions (HO)

("C:\Program Files\MiKTeX 2.9\tex\generic\oberdiek\kvdefinekeys.sty"
Package: kvdefinekeys 2011/04/07 v1.3 Defining keys (HO)
))
("C:\Program Files\MiKTeX 2.9\tex\latex\oberdiek\kvoptions.sty"
Package: kvoptions 2010/12/23 v3.10 Keyval support for LaTeX options (HO)

("C:\Program Files\MiKTeX 2.9\tex\generic\oberdiek\kvsetkeys.sty"
Package: kvsetkeys 2011/04/07 v1.13 Key value parser (HO)

("C:\Program Files\MiKTeX 2.9\tex\generic\oberdiek\etexcmds.sty"
Package: etexcmds 2011/02/16 v1.5 Prefix for e-TeX command names (HO)

("C:\Program Files\MiKTeX 2.9\tex\generic\oberdiek\ifluatex.sty"
Package: ifluatex 2010/03/01 v1.3 Provides the ifluatex switch (HO)
Package ifluatex Info: LuaTeX not detected.
)
Package etexcmds Info: Could not find \expanded.
(etexcmds)             That can mean that you are not using pdfTeX 1.50 or
(etexcmds)             that some package has redefined \expanded.
(etexcmds)             In the latter case, load this package earlier.
)))
("C:\Program Files\MiKTeX 2.9\tex\generic\oberdiek\pdftexcmds.sty"
Package: pdftexcmds 2011/04/22 v0.16 Utilities of pdfTeX for LuaTeX (HO)

("C:\Program Files\MiKTeX 2.9\tex\generic\oberdiek\ifpdf.sty"
Package: ifpdf 2011/01/30 v2.3 Provides the ifpdf switch (HO)
Package ifpdf Info: pdfTeX in PDF mode is detected.
)
Package pdftexcmds Info: LuaTeX not detected.
Package pdftexcmds Info: \pdf@primitive is available.
Package pdftexcmds Info: \pdf@ifprimitive is available.
Package pdftexcmds Info: \pdfdraftmode found.
)
Package grfext Info: Graphics extension search list:
(grfext)             [.png,.pdf,.jpg,.mps,.jpeg,.jbig2,.jb2,.PNG,.PDF,.JPG,.JPE
G,.JBIG2,.JB2,.eps]
(grfext)             \AppendGraphicsExtensions on input line 452.
))
("C:\Program Files\MiKTeX 2.9\tex\latex\float\float.sty"
Package: float 2001/11/08 v1.3d Float enhancements (AL)
\c@float@type=\count109
\float@exts=\toks20
\float@box=\box35
\@float@everytoks=\toks21
\@floatcapt=\box36
)
("C:\Program Files\MiKTeX 2.9\tex\latex\amsfonts\amssymb.sty"
Package: amssymb 2009/06/22 v3.00

("C:\Program Files\MiKTeX 2.9\tex\latex\amsfonts\amsfonts.sty"
Package: amsfonts 2009/06/22 v3.00 Basic AMSFonts support
\symAMSa=\mathgroup4
\symAMSb=\mathgroup5
LaTeX Font Info:    Overwriting math alphabet `\mathfrak' in version `bold'
(Font)                  U/euf/m/n --> U/euf/b/n on input line 96.
))
("C:\Program Files\MiKTeX 2.9\tex\latex\enumitem\enumitem.sty"
Package: enumitem 2011/08/06 v3.4 Customized lists
\labelindent=\skip66
\enit@outerparindent=\dimen129
\enit@toks=\toks22
\enit@inbox=\box37
\enitdp@description=\count110
)
(C:\Users\laroche\Documents\GitHub\ISMIR_2016\ISMIR2016SPNMFGenreSpec.aux)
LaTeX Font Info:    Checking defaults for OML/cmm/m/it on input line 66.
LaTeX Font Info:    ... okay on input line 66.
LaTeX Font Info:    Checking defaults for T1/cmr/m/n on input line 66.
LaTeX Font Info:    ... okay on input line 66.
LaTeX Font Info:    Checking defaults for OT1/cmr/m/n on input line 66.
LaTeX Font Info:    ... okay on input line 66.
LaTeX Font Info:    Checking defaults for OMS/cmsy/m/n on input line 66.
LaTeX Font Info:    ... okay on input line 66.
LaTeX Font Info:    Checking defaults for OMX/cmex/m/n on input line 66.
LaTeX Font Info:    ... okay on input line 66.
LaTeX Font Info:    Checking defaults for U/cmr/m/n on input line 66.
LaTeX Font Info:    ... okay on input line 66.
LaTeX Font Info:    Try loading font information for OT1+ptm on input line 66.

("C:\Program Files\MiKTeX 2.9\tex\latex\psnfss\ot1ptm.fd"
File: ot1ptm.fd 2001/06/04 font definitions for OT1/ptm.
)
("C:\Program Files\MiKTeX 2.9\tex\context\base\supp-pdf.mkii"
[Loading MPS to PDF converter (version 2006.09.02).]
\scratchcounter=\count111
\scratchdimen=\dimen130
\scratchbox=\box38
\nofMPsegments=\count112
\nofMParguments=\count113
\everyMPshowfont=\toks23
\MPscratchCnt=\count114
\MPscratchDim=\dimen131
\MPnumerator=\count115
\makeMPintoPDFobject=\count116
\everyMPtoPDFconversion=\toks24
)
Package caption Info: Begin \AtBeginDocument code.
Package caption Info: float package is loaded.
Package caption Info: End \AtBeginDocument code.
LaTeX Font Info:    Font shape `OT1/ptm/bx/n' in size <14.4> not available
(Font)              Font shape `OT1/ptm/b/n' tried instead on input line 68.
LaTeX Font Info:    Try loading font information for U+msa on input line 68.
 ("C:\Program Files\MiKTeX 2.9\tex\latex\amsfonts\umsa.fd"
File: umsa.fd 2009/06/22 v3.00 AMS symbols A
)
LaTeX Font Info:    Try loading font information for U+msb on input line 68.

("C:\Program Files\MiKTeX 2.9\tex\latex\amsfonts\umsb.fd"
File: umsb.fd 2009/06/22 v3.00 AMS symbols B
)
LaTeX Font Info:    Font shape `OT1/ptm/bx/n' in size <12> not available
(Font)              Font shape `OT1/ptm/b/n' tried instead on input line 68.
LaTeX Font Info:    Try loading font information for OT1+pcr on input line 68.

("C:\Program Files\MiKTeX 2.9\tex\latex\psnfss\ot1pcr.fd"
File: ot1pcr.fd 2001/06/04 font definitions for OT1/pcr.
)
Overfull \hbox (12.0pt too wide) in paragraph at lines 68--68
 [][] 
 []

<figs/cc_by.pdf, id=1, 121.45375pt x 43.16125pt>
File: figs/cc_by.pdf Graphic file (type pdf)
 <use figs/cc_by.pdf>
Package pdftex.def Info: figs/cc_by.pdf used on input line 68.
(pdftex.def)             Requested size: 36.02869pt x 12.80365pt.
LaTeX Font Info:    Try loading font information for OMS+ptm on input line 68.

("C:\Program Files\MiKTeX 2.9\tex\latex\psnfss\omsptm.fd"
File: omsptm.fd 
)
LaTeX Font Info:    Font shape `OMS/ptm/m/n' in size <8> not available
(Font)              Font shape `OMS/cmsy/m/n' tried instead on input line 68.
LaTeX Font Info:    Font shape `OT1/ptm/bx/n' in size <8> not available
(Font)              Font shape `OT1/ptm/b/n' tried instead on input line 68.
LaTeX Font Info:    Font shape `OT1/ptm/bx/n' in size <10> not available
(Font)              Font shape `OT1/ptm/b/n' tried instead on input line 72.
 [1{C:/ProgramData/MiKTeX/2.9/pdftex/config/pdftex.map}



 <C:/Users/laroche/Documents/GitHub/ISMIR_2016/figs/cc_by.pdf>] [2]

LaTeX Warning: `h' float specifier changed to `ht'.

[3]
Package epstopdf Info: Source file: <figs/AllDictSizeISMIR.eps>
(epstopdf)                    date: 2016-04-01 10:52:50
(epstopdf)                    size: 12351 bytes
(epstopdf)             Output file: <figs/AllDictSizeISMIR-eps-converted-to.pdf
>
(epstopdf)                    date: 2016-04-01 10:52:50
(epstopdf)                    size: 7634 bytes
(epstopdf)             Command: <epstopdf --outfile=figs/AllDictSizeISMIR-eps-c
onverted-to.pdf figs/AllDictSizeISMIR.eps>
(epstopdf)             \includegraphics on input line 241.
Package epstopdf Info: Output file is already uptodate.

<figs/AllDictSizeISMIR-eps-converted-to.pdf, id=32, 1284.8pt x 613.29124pt>
File: figs/AllDictSizeISMIR-eps-converted-to.pdf Graphic file (type pdf)

<use figs/AllDictSizeISMIR-eps-converted-to.pdf>
Package pdftex.def Info: figs/AllDictSizeISMIR-eps-converted-to.pdf used on inp
ut line 241.
(pdftex.def)             Requested size: 256.0748pt x 122.23495pt.

Overfull \hbox (22.7622pt too wide) in paragraph at lines 241--243
 [][] 
 []


Overfull \hbox (5.83914pt too wide) in paragraph at lines 257--300
 [][] 
 []

[4 <C:/Users/laroche/Documents/GitHub/ISMIR_2016/figs/AllDictSizeISMIR-eps-conv
erted-to.pdf>]
Package epstopdf Info: Source file: <figs/SDRismirpop.eps>
(epstopdf)                    date: 2016-04-01 10:52:50
(epstopdf)                    size: 20549800 bytes
(epstopdf)             Output file: <figs/SDRismirpop-eps-converted-to.pdf>
(epstopdf)                    date: 2016-04-01 10:52:50
(epstopdf)                    size: 56260 bytes
(epstopdf)             Command: <epstopdf --outfile=figs/SDRismirpop-eps-conver
ted-to.pdf figs/SDRismirpop.eps>
(epstopdf)             \includegraphics on input line 360.
Package epstopdf Info: Output file is already uptodate.

<figs/SDRismirpop-eps-converted-to.pdf, id=42, 1284.8pt x 614.295pt>
File: figs/SDRismirpop-eps-converted-to.pdf Graphic file (type pdf)

<use figs/SDRismirpop-eps-converted-to.pdf>
Package pdftex.def Info: figs/SDRismirpop-eps-converted-to.pdf used on input li
ne 360.
(pdftex.def)             Requested size: 256.0748pt x 122.43501pt.

Overfull \hbox (22.7622pt too wide) in paragraph at lines 360--362
 [][] 
 []

Package epstopdf Info: Source file: <figs/SIRismirpop.eps>
(epstopdf)                    date: 2016-04-01 10:52:51
(epstopdf)                    size: 20549800 bytes
(epstopdf)             Output file: <figs/SIRismirpop-eps-converted-to.pdf>
(epstopdf)                    date: 2016-04-01 10:52:51
(epstopdf)                    size: 56553 bytes
(epstopdf)             Command: <epstopdf --outfile=figs/SIRismirpop-eps-conver
ted-to.pdf figs/SIRismirpop.eps>
(epstopdf)             \includegraphics on input line 367.
Package epstopdf Info: Output file is already uptodate.
<figs/SIRismirpop-eps-converted-to.pdf, id=43, 1284.8pt x 614.295pt>
File: figs/SIRismirpop-eps-converted-to.pdf Graphic file (type pdf)

<use figs/SIRismirpop-eps-converted-to.pdf>
Package pdftex.def Info: figs/SIRismirpop-eps-converted-to.pdf used on input li
ne 367.
(pdftex.def)             Requested size: 256.0748pt x 122.43501pt.

Overfull \hbox (22.7622pt too wide) in paragraph at lines 367--369
 [][] 
 []

Package epstopdf Info: Source file: <figs/SARismirpop.eps>
(epstopdf)                    date: 2016-04-01 10:52:50
(epstopdf)                    size: 20549800 bytes
(epstopdf)             Output file: <figs/SARismirpop-eps-converted-to.pdf>
(epstopdf)                    date: 2016-04-01 10:52:50
(epstopdf)                    size: 40076 bytes
(epstopdf)             Command: <epstopdf --outfile=figs/SARismirpop-eps-conver
ted-to.pdf figs/SARismirpop.eps>
(epstopdf)             \includegraphics on input line 374.
Package epstopdf Info: Output file is already uptodate.
<figs/SARismirpop-eps-converted-to.pdf, id=44, 1284.8pt x 614.295pt>
File: figs/SARismirpop-eps-converted-to.pdf Graphic file (type pdf)

<use figs/SARismirpop-eps-converted-to.pdf>
Package pdftex.def Info: figs/SARismirpop-eps-converted-to.pdf used on input li
ne 374.
(pdftex.def)             Requested size: 256.0748pt x 122.43501pt.

Overfull \hbox (22.7622pt too wide) in paragraph at lines 374--376
 [][] 
 []


LaTeX Warning: `h' float specifier changed to `ht'.

[5 <C:/Users/laroche/Documents/GitHub/ISMIR_2016/figs/SDRismirpop-eps-converted
-to.pdf> <C:/Users/laroche/Documents/GitHub/ISMIR_2016/figs/SIRismirpop-eps-con
verted-to.pdf> <C:/Users/laroche/Documents/GitHub/ISMIR_2016/figs/SARismirpop-e
ps-converted-to.pdf>]
(C:\Users\laroche\Documents\GitHub\ISMIR_2016\ISMIR2016SPNMFGenreSpec.bbl
Underfull \hbox (badness 2057) in paragraph at lines 28--34
\OT1/ptm/m/n/10 J. Carabias-Orti, and P. Cabanas-Molero.  Per-cus-
 []


Underfull \hbox (badness 2181) in paragraph at lines 28--34
\OT1/ptm/m/n/10 trix fac-tor-iza-tion with smooth-ness/sparseness con-
 []

[6]
Underfull \hbox (badness 2884) in paragraph at lines 86--90
\OT1/ptm/m/n/10 Johnson.  Singing-voice sep-a-ra-tion from monau-ral
 []


Underfull \hbox (badness 1975) in paragraph at lines 92--96
\OT1/ptm/m/n/10 Adap-ta-tion of source-specific dic-tio-nar-ies in non-
 []


Underfull \hbox (badness 10000) in paragraph at lines 105--109
[]\OT1/ptm/m/n/10 A. Lam-propou-los, P. Lam-propoulou, and
 []


Underfull \hbox (badness 1067) in paragraph at lines 111--116
\OT1/ptm/m/n/10 G.Richard.  Struc-tured pro-jec-tive non neg-a-tive ma-
 []


Underfull \hbox (badness 2368) in paragraph at lines 111--116
\OT1/ptm/m/n/10 trix fac-tor-iza-tion with drum dic-tio-nar-ies for har-
 []


Underfull \hbox (badness 1817) in paragraph at lines 173--177
[]\OT1/ptm/m/n/10 H. Rump, S. Miyabe, E. Tsunoo, N. Ono, and
 []

[7]) [8

]
(C:\Users\laroche\Documents\GitHub\ISMIR_2016\ISMIR2016SPNMFGenreSpec.aux) ) 
Here is how much of TeX's memory you used:
 5348 strings out of 494045
 77341 string characters out of 3148382
 169011 words of memory out of 3000000
 8529 multiletter control sequences out of 15000+200000
 30249 words of font info for 71 fonts, out of 3000000 for 9000
 715 hyphenation exceptions out of 8191
 42i,15n,38p,1397b,398s stack positions out of 5000i,500n,10000p,200000b,50000s
{C:
/Program Files/MiKTeX 2.9/fonts/enc/dvips/fontname/8r.enc}<C:/Program Files/MiK
TeX 2.9/fonts/type1/public/amsfonts/cm/cmmi10.pfb><C:/Program Files/MiKTeX 2.9/
fonts/type1/public/amsfonts/cm/cmmi5.pfb><C:/Program Files/MiKTeX 2.9/fonts/typ
e1/public/amsfonts/cm/cmmi7.pfb><C:/Program Files/MiKTeX 2.9/fonts/type1/public
/amsfonts/cm/cmr10.pfb><C:/Program Files/MiKTeX 2.9/fonts/type1/public/amsfonts
/cm/cmr5.pfb><C:/Program Files/MiKTeX 2.9/fonts/type1/public/amsfonts/cm/cmr7.p
fb><C:/Program Files/MiKTeX 2.9/fonts/type1/public/amsfonts/cm/cmsy10.pfb><C:/P
rogram Files/MiKTeX 2.9/fonts/type1/public/amsfonts/cm/cmsy5.pfb><C:/Program Fi
les/MiKTeX 2.9/fonts/type1/public/amsfonts/cm/cmsy7.pfb><C:/Program Files/MiKTe
X 2.9/fonts/type1/public/amsfonts/cm/cmsy8.pfb><C:/Program Files/MiKTeX 2.9/fon
ts/type1/public/amsfonts/symbols/msam10.pfb><C:/Program Files/MiKTeX 2.9/fonts/
type1/public/amsfonts/symbols/msbm10.pfb><C:/Program Files/MiKTeX 2.9/fonts/typ
e1/urw/courier/ucrr8a.pfb><C:/Program Files/MiKTeX 2.9/fonts/type1/urw/times/ut
mb8a.pfb><C:/Program Files/MiKTeX 2.9/fonts/type1/urw/times/utmr8a.pfb><C:/Prog
ram Files/MiKTeX 2.9/fonts/type1/urw/times/utmri8a.pfb>
Output written on ISMIR2016SPNMFGenreSpec.pdf (8 pages, 365246 bytes).
PDF statistics:
 178 PDF objects out of 1000 (max. 8388607)
 0 named destinations out of 1000 (max. 500000)
 26 words of extra memory for PDF output out of 10000 (max. 10000000)

